DEV_KW/build/outputs/logs/manifest-merger-aosp-debug-report.txt
-- Merging decision tree log ---
manifest
ADDED from MDM_Student_0.3.0\AndroidManifest-common.xml:20:1-498:12
	package
		ADDED from MDM_Student_0.3.0\AndroidManifest-common.xml:23:5-36
		INJECTED from MDM_Student_0.3.0\AndroidManifest-common.xml
		INJECTED from MDM_Student_0.3.0\AndroidManifest.xml
	android:versionName
		INJECTED from MDM_Student_0.3.0\AndroidManifest-common.xml
		ADDED from MDM_Student_0.3.0\AndroidManifest-common.xml:20:1-498:12
		INJECTED from MDM_Student_0.3.0\AndroidManifest.xml
	xmlns:tools
		ADDED from MDM_Student_0.3.0\AndroidManifest-common.xml:22:5-51
		ADDED from MDM_Student_0.3.0\AndroidManifest-common.xml:22:5-51
	xmlns:android
		ADDED from MDM_Student_0.3.0\AndroidManifest-common.xml:21:5-63
	android:versionCode
		INJECTED from MDM_Student_0.3.0\AndroidManifest-common.xml
		ADDED from MDM_Student_0.3.0\AndroidManifest-common.xml:20:1-498:12
		INJECTED from MDM_Student_0.3.0\AndroidManifest.xml
uses-sdk
ADDED from MDM_Student_0.3.0\AndroidManifest-common.xml:24:5-73
MERGED from MDM_Student_0.3.0\AndroidManifest-common.xml:24:5-73
MERGED from [com.android.support:multidex:1.0.1] AndroidManifest.xml:18:5-42
MERGED from [com.android.support:recyclerview-v7:23.4.0] AndroidManifest.xml:20:5-43
MERGED from [com.android.support:palette-v7:23.4.0] AndroidManifest.xml:20:5-43
MERGED from [MDM_Student_0.3.0:mdmsdk:unspecified] AndroidManifest.xml:7:5-9:41
MERGED from [MDM_Student_0.3.0:zxing:unspecified] AndroidManifest.xml:23:5-25:41
MERGED from [MDM_Student_0.3.0:materiallockview:unspecified] AndroidManifest.xml:8:5-10:41
MERGED from [com.android.support:appcompat-v7:23.4.0] AndroidManifest.xml:21:5-23:78
MERGED from [com.android.support:animated-vector-drawable:23.4.0] AndroidManifest.xml:5:5-44
MERGED from [com.android.support:support-vector-drawable:23.4.0] AndroidManifest.xml:5:5-43
MERGED from [com.github.jetradarmobile:android-snowfall:1.1.6] AndroidManifest.xml:6:5-44
MERGED from [org.xutils:xutils:3.5.0] AndroidManifest.xml:8:5-10:41
MERGED from [com.borax12.materialdaterangepicker:library:1.9] AndroidManifest.xml:22:5-24:41
MERGED from [com.android.support:support-v4:23.4.0] AndroidManifest.xml:20:5-43
	tools:overrideLibrary
		ADDED from [com.android.support:appcompat-v7:23.4.0] AndroidManifest.xml:23:9-75
	android:targetSdkVersion
		ADDED from MDM_Student_0.3.0\AndroidManifest-common.xml:24:15-44
		INJECTED from MDM_Student_0.3.0\AndroidManifest-common.xml
		INJECTED from MDM_Student_0.3.0\AndroidManifest.xml
	android:minSdkVersion
		ADDED from MDM_Student_0.3.0\AndroidManifest-common.xml:24:45-71
		INJECTED from MDM_Student_0.3.0\AndroidManifest-common.xml
		INJECTED from MDM_Student_0.3.0\AndroidManifest.xml
permission#com.android.launcher.permission.INSTALL_SHORTCUT
ADDED from MDM_Student_0.3.0\AndroidManifest-common.xml:34:5-39:67
	android:label
		ADDED from MDM_Student_0.3.0\AndroidManifest-common.xml:38:9-57
	android:protectionLevel
		ADDED from MDM_Student_0.3.0\AndroidManifest-common.xml:37:9-44
	android:permissionGroup
		ADDED from MDM_Student_0.3.0\AndroidManifest-common.xml:36:9-72
	android:description
		ADDED from MDM_Student_0.3.0\AndroidManifest-common.xml:39:9-64
	android:name
		ADDED from MDM_Student_0.3.0\AndroidManifest-common.xml:35:9-72
uses-permission#android.permission.CALL_PHONE
ADDED from MDM_Student_0.3.0\AndroidManifest-common.xml:41:5-69
MERGED from [MDM_Student_0.3.0:mdmsdk:unspecified] AndroidManifest.xml:23:5-69
MERGED from [MDM_Student_0.3.0:mdmsdk:unspecified] AndroidManifest.xml:27:5-69
	android:name
		ADDED from MDM_Student_0.3.0\AndroidManifest-common.xml:41:22-66
uses-permission#android.permission.SET_WALLPAPER
ADDED from MDM_Student_0.3.0\AndroidManifest-common.xml:42:5-72
	android:name
		ADDED from MDM_Student_0.3.0\AndroidManifest-common.xml:42:22-69
uses-permission#android.permission.SET_WALLPAPER_HINTS
ADDED from MDM_Student_0.3.0\AndroidManifest-common.xml:43:5-78
	android:name
		ADDED from MDM_Student_0.3.0\AndroidManifest-common.xml:43:22-75
uses-permission#android.permission.BIND_APPWIDGET
ADDED from MDM_Student_0.3.0\AndroidManifest-common.xml:44:5-73
	android:name
		ADDED from MDM_Student_0.3.0\AndroidManifest-common.xml:44:22-70
uses-permission#android.permission.READ_EXTERNAL_STORAGE
ADDED from MDM_Student_0.3.0\AndroidManifest-common.xml:45:5-80
	android:name
		ADDED from MDM_Student_0.3.0\AndroidManifest-common.xml:45:22-77
uses-permission#android.permission.RECEIVE_BOOT_COMPLETED
ADDED from MDM_Student_0.3.0\AndroidManifest-common.xml:46:5-81
	android:name
		ADDED from MDM_Student_0.3.0\AndroidManifest-common.xml:46:22-78
uses-permission#android.permission.EXPAND_STATUS_BAR
ADDED from MDM_Student_0.3.0\AndroidManifest-common.xml:47:5-76
	android:name
		ADDED from MDM_Student_0.3.0\AndroidManifest-common.xml:47:22-73
uses-permission#android.permission.CHANGE_WIFI_MULTICAST_STATE
ADDED from MDM_Student_0.3.0\AndroidManifest-common.xml:50:5-86
	android:name
		ADDED from MDM_Student_0.3.0\AndroidManifest-common.xml:50:22-83
uses-permission#android.permission.WRITE_EXTERNAL_STORAGE
ADDED from MDM_Student_0.3.0\AndroidManifest-common.xml:52:5-81
MERGED from [MDM_Student_0.3.0:zxing:unspecified] AndroidManifest.xml:33:5-81
	android:name
		ADDED from MDM_Student_0.3.0\AndroidManifest-common.xml:52:22-78
uses-permission#android.permission.SEND_SMS
ADDED from MDM_Student_0.3.0\AndroidManifest-common.xml:54:5-67
MERGED from [MDM_Student_0.3.0:mdmsdk:unspecified] AndroidManifest.xml:31:5-67
	android:name
		ADDED from MDM_Student_0.3.0\AndroidManifest-common.xml:54:22-64
uses-permission#android.permission.GET_TASKS
ADDED from MDM_Student_0.3.0\AndroidManifest-common.xml:55:5-68
	android:name
		ADDED from MDM_Student_0.3.0\AndroidManifest-common.xml:55:22-65
uses-permission#android.permission.ACCESS_NOTIFICATION_POLICY
ADDED from MDM_Student_0.3.0\AndroidManifest-common.xml:56:5-85
	android:name
		ADDED from MDM_Student_0.3.0\AndroidManifest-common.xml:56:22-82
uses-permission#android.permission.PACKAGE_USAGE_STATS
ADDED from MDM_Student_0.3.0\AndroidManifest-common.xml:57:5-59:47
	tools:ignore
		ADDED from MDM_Student_0.3.0\AndroidManifest-common.xml:59:9-44
	android:name
		ADDED from MDM_Student_0.3.0\AndroidManifest-common.xml:58:9-62
uses-permission#android.permission.INTERNET
ADDED from MDM_Student_0.3.0\AndroidManifest-common.xml:62:5-67
MERGED from [MDM_Student_0.3.0:mdmsdk:unspecified] AndroidManifest.xml:18:5-67
MERGED from [MDM_Student_0.3.0:zxing:unspecified] AndroidManifest.xml:28:5-67
	android:name
		ADDED from MDM_Student_0.3.0\AndroidManifest-common.xml:62:22-64
uses-permission#android.permission.ACCESS_NETWORK_STATE
ADDED from MDM_Student_0.3.0\AndroidManifest-common.xml:63:5-79
MERGED from [MDM_Student_0.3.0:mdmsdk:unspecified] AndroidManifest.xml:16:5-79
	android:name
		ADDED from MDM_Student_0.3.0\AndroidManifest-common.xml:63:22-76
uses-permission#android.permission.ACCESS_WIFI_STATE
ADDED from MDM_Student_0.3.0\AndroidManifest-common.xml:64:5-76
MERGED from [MDM_Student_0.3.0:mdmsdk:unspecified] AndroidManifest.xml:17:5-76
MERGED from [MDM_Student_0.3.0:zxing:unspecified] AndroidManifest.xml:35:5-76
	android:name
		ADDED from MDM_Student_0.3.0\AndroidManifest-common.xml:64:22-73
uses-permission#android.permission.READ_PHONE_STATE
ADDED from MDM_Student_0.3.0\AndroidManifest-common.xml:65:5-75
MERGED from [MDM_Student_0.3.0:mdmsdk:unspecified] AndroidManifest.xml:13:5-75
MERGED from [MDM_Student_0.3.0:mdmsdk:unspecified] AndroidManifest.xml:24:5-75
	android:name
		ADDED from MDM_Student_0.3.0\AndroidManifest-common.xml:65:22-72
uses-permission#android.permission.WAKE_LOCK
ADDED from MDM_Student_0.3.0\AndroidManifest-common.xml:66:5-68
	android:name
		ADDED from MDM_Student_0.3.0\AndroidManifest-common.xml:66:22-65
uses-permission#android.permission.USES_POLICY_FORCE_LOCKb
ADDED from MDM_Student_0.3.0\AndroidManifest-common.xml:67:5-82
	android:name
		ADDED from MDM_Student_0.3.0\AndroidManifest-common.xml:67:22-79
uses-permission#android.permission.ACCESS_COARSE_LOCATION
ADDED from MDM_Student_0.3.0\AndroidManifest-common.xml:71:5-81
MERGED from [MDM_Student_0.3.0:mdmsdk:unspecified] AndroidManifest.xml:20:5-81
	android:name
		ADDED from MDM_Student_0.3.0\AndroidManifest-common.xml:71:22-78
uses-permission#android.permission.ACCESS_FINE_LOCATION
ADDED from MDM_Student_0.3.0\AndroidManifest-common.xml:73:5-79
MERGED from [MDM_Student_0.3.0:mdmsdk:unspecified] AndroidManifest.xml:19:5-79
	android:name
		ADDED from MDM_Student_0.3.0\AndroidManifest-common.xml:73:22-76
uses-permission#android.permission.CHANGE_WIFI_STATE
ADDED from MDM_Student_0.3.0\AndroidManifest-common.xml:79:5-76
MERGED from [MDM_Student_0.3.0:mdmsdk:unspecified] AndroidManifest.xml:15:5-76
MERGED from [MDM_Student_0.3.0:zxing:unspecified] AndroidManifest.xml:34:5-76
	android:name
		ADDED from MDM_Student_0.3.0\AndroidManifest-common.xml:79:22-73
uses-permission#android.permission.MOUNT_UNMOUNT_FILESYSTEMS
ADDED from MDM_Student_0.3.0\AndroidManifest-common.xml:87:5-84
	android:name
		ADDED from MDM_Student_0.3.0\AndroidManifest-common.xml:87:22-81
application
ADDED from MDM_Student_0.3.0\AndroidManifest-common.xml:89:5-497:19
MERGED from MDM_Student_0.3.0\AndroidManifest-common.xml:89:5-497:19
MERGED from [com.android.support:palette-v7:23.4.0] AndroidManifest.xml:22:5-23:19
MERGED from [MDM_Student_0.3.0:mdmsdk:unspecified] AndroidManifest.xml:33:5-34:19
MERGED from [MDM_Student_0.3.0:zxing:unspecified] AndroidManifest.xml:67:5-203:19
MERGED from [com.android.support:appcompat-v7:23.4.0] AndroidManifest.xml:25:5-20
MERGED from [com.android.support:animated-vector-drawable:23.4.0] AndroidManifest.xml:7:5-20
MERGED from [com.android.support:support-vector-drawable:23.4.0] AndroidManifest.xml:7:5-20
MERGED from [com.github.jetradarmobile:android-snowfall:1.1.6] AndroidManifest.xml:8:5-20
MERGED from [org.xutils:xutils:3.5.0] AndroidManifest.xml:12:5-20
MERGED from [com.borax12.materialdaterangepicker:library:1.9] AndroidManifest.xml:28:5-20
MERGED from [com.android.support:support-v4:23.4.0] AndroidManifest.xml:22:5-20
	android:backupAgent
		ADDED from MDM_Student_0.3.0\AndroidManifest-common.xml:91:9-72
	android:label
		ADDED from MDM_Student_0.3.0\AndroidManifest-common.xml:96:9-49
	android:supportsRtl
		ADDED from MDM_Student_0.3.0\AndroidManifest-common.xml:99:9-35
	android:hardwareAccelerated
		ADDED from MDM_Student_0.3.0\AndroidManifest-common.xml:94:9-43
	android:fullBackupContent
		ADDED from MDM_Student_0.3.0\AndroidManifest-common.xml:93:9-54
	android:icon
		ADDED from MDM_Student_0.3.0\AndroidManifest-common.xml:95:9-50
	android:largeHeap
		ADDED from MDM_Student_0.3.0\AndroidManifest-common.xml:97:9-51
	android:restoreAnyVersion
		ADDED from MDM_Student_0.3.0\AndroidManifest-common.xml:98:9-41
	android:fullBackupOnly
		ADDED from MDM_Student_0.3.0\AndroidManifest-common.xml:92:9-38
	android:name
		ADDED from MDM_Student_0.3.0\AndroidManifest-common.xml:90:9-47
		ADDED from MDM_Student_0.3.0\AndroidManifest-common.xml:90:9-47
receiver#com.android.launcher3.InstallShortcutReceiver
ADDED from MDM_Student_0.3.0\AndroidManifest-common.xml:102:9-109:20
	android:enabled
		ADDED from MDM_Student_0.3.0\AndroidManifest-common.xml:105:13-64
	android:permission
		ADDED from MDM_Student_0.3.0\AndroidManifest-common.xml:104:13-82
	android:name
		ADDED from MDM_Student_0.3.0\AndroidManifest-common.xml:103:13-73
intent-filter#com.android.launcher.action.INSTALL_SHORTCUT
ADDED from MDM_Student_0.3.0\AndroidManifest-common.xml:106:13-108:29
action#com.android.launcher.action.INSTALL_SHORTCUT
ADDED from MDM_Student_0.3.0\AndroidManifest-common.xml:107:17-87
	android:name
		ADDED from MDM_Student_0.3.0\AndroidManifest-common.xml:107:25-84
receiver#com.android.launcher3.SessionCommitReceiver
ADDED from MDM_Student_0.3.0\AndroidManifest-common.xml:112:9-117:20
	android:name
		ADDED from MDM_Student_0.3.0\AndroidManifest-common.xml:113:13-71
intent-filter#android.content.pm.action.SESSION_COMMITTED
ADDED from MDM_Student_0.3.0\AndroidManifest-common.xml:114:13-116:29
action#android.content.pm.action.SESSION_COMMITTED
ADDED from MDM_Student_0.3.0\AndroidManifest-common.xml:115:17-86
	android:name
		ADDED from MDM_Student_0.3.0\AndroidManifest-common.xml:115:25-83
receiver#com.android.launcher3.AppWidgetsRestoredReceiver
ADDED from MDM_Student_0.3.0\AndroidManifest-common.xml:120:9-124:20
	android:name
		ADDED from MDM_Student_0.3.0\AndroidManifest-common.xml:120:19-82
intent-filter#android.appwidget.action.APPWIDGET_HOST_RESTORED
ADDED from MDM_Student_0.3.0\AndroidManifest-common.xml:121:13-123:29
action#android.appwidget.action.APPWIDGET_HOST_RESTORED
ADDED from MDM_Student_0.3.0\AndroidManifest-common.xml:122:17-90
	android:name
		ADDED from MDM_Student_0.3.0\AndroidManifest-common.xml:122:25-88
service#com.android.launcher3.dynamicui.ColorExtractionService
ADDED from MDM_Student_0.3.0\AndroidManifest-common.xml:126:9-130:19
	android:process
		ADDED from MDM_Student_0.3.0\AndroidManifest-common.xml:128:13-49
	android:exported
		ADDED from MDM_Student_0.3.0\AndroidManifest-common.xml:127:13-37
	android:permission
		ADDED from MDM_Student_0.3.0\AndroidManifest-common.xml:129:13-69
	android:name
		ADDED from MDM_Student_0.3.0\AndroidManifest-common.xml:126:18-87
service#com.android.launcher3.notification.NotificationListener
ADDED from MDM_Student_0.3.0\AndroidManifest-common.xml:132:9-138:19
	android:enabled
		ADDED from MDM_Student_0.3.0\AndroidManifest-common.xml:133:18-70
	android:permission
		ADDED from MDM_Student_0.3.0\AndroidManifest-common.xml:134:18-92
	android:name
		ADDED from MDM_Student_0.3.0\AndroidManifest-common.xml:132:18-88
intent-filter#android.service.notification.NotificationListenerService
ADDED from MDM_Student_0.3.0\AndroidManifest-common.xml:135:13-137:29
action#android.service.notification.NotificationListenerService
ADDED from MDM_Student_0.3.0\AndroidManifest-common.xml:136:17-99
	android:name
		ADDED from MDM_Student_0.3.0\AndroidManifest-common.xml:136:25-96
meta-data#android.nfc.disable_beam_default
ADDED from MDM_Student_0.3.0\AndroidManifest-common.xml:140:9-141:47
	android:value
		ADDED from MDM_Student_0.3.0\AndroidManifest-common.xml:141:24-44
	android:name
		ADDED from MDM_Student_0.3.0\AndroidManifest-common.xml:140:20-67
activity#com.android.launcher3.dragndrop.AddItemActivity
ADDED from MDM_Student_0.3.0\AndroidManifest-common.xml:143:9-152:20
	android:label
		ADDED from MDM_Student_0.3.0\AndroidManifest-common.xml:147:13-60
	android:excludeFromRecents
		ADDED from MDM_Student_0.3.0\AndroidManifest-common.xml:145:13-46
	android:autoRemoveFromRecents
		ADDED from MDM_Student_0.3.0\AndroidManifest-common.xml:146:13-49
	android:theme
		ADDED from MDM_Student_0.3.0\AndroidManifest-common.xml:144:13-82
	android:name
		ADDED from MDM_Student_0.3.0\AndroidManifest-common.xml:143:19-81
intent-filter#android.content.pm.action.CONFIRM_PIN_APPWIDGET+android.content.pm.action.CONFIRM_PIN_SHORTCUT
ADDED from MDM_Student_0.3.0\AndroidManifest-common.xml:148:13-151:29
action#android.content.pm.action.CONFIRM_PIN_SHORTCUT
ADDED from MDM_Student_0.3.0\AndroidManifest-common.xml:149:17-89
	android:name
		ADDED from MDM_Student_0.3.0\AndroidManifest-common.xml:149:25-86
action#android.content.pm.action.CONFIRM_PIN_APPWIDGET
ADDED from MDM_Student_0.3.0\AndroidManifest-common.xml:150:17-90
	android:name
		ADDED from MDM_Student_0.3.0\AndroidManifest-common.xml:150:25-87
meta-data#com.android.launcher3.launcher_dump_provider
ADDED from MDM_Student_0.3.0\AndroidManifest-common.xml:158:9-160:70
	android:value
		ADDED from MDM_Student_0.3.0\AndroidManifest-common.xml:160:13-67
	android:name
		ADDED from MDM_Student_0.3.0\AndroidManifest-common.xml:159:13-72
activity#com.android.kiway.activity.LoginActivity
ADDED from MDM_Student_0.3.0\AndroidManifest-common.xml:164:9-168:76
	android:screenOrientation
		ADDED from MDM_Student_0.3.0\AndroidManifest-common.xml:167:13-49
	android:windowSoftInputMode
		ADDED from MDM_Student_0.3.0\AndroidManifest-common.xml:168:13-64
	android:configChanges
		ADDED from MDM_Student_0.3.0\AndroidManifest-common.xml:166:13-74
	android:name
		ADDED from MDM_Student_0.3.0\AndroidManifest-common.xml:165:13-68
activity#com.android.kiway.activity.MainActivity
ADDED from MDM_Student_0.3.0\AndroidManifest-common.xml:169:9-174:76
	android:screenOrientation
		ADDED from MDM_Student_0.3.0\AndroidManifest-common.xml:173:13-49
	android:launchMode
		ADDED from MDM_Student_0.3.0\AndroidManifest-common.xml:172:13-44
	android:windowSoftInputMode
		ADDED from MDM_Student_0.3.0\AndroidManifest-common.xml:174:13-64
	android:configChanges
		ADDED from MDM_Student_0.3.0\AndroidManifest-common.xml:171:13-74
	android:name
		ADDED from MDM_Student_0.3.0\AndroidManifest-common.xml:170:13-67
activity#com.android.kiway.activity.FileListActivity
ADDED from MDM_Student_0.3.0\AndroidManifest-common.xml:175:9-180:76
	android:screenOrientation
		ADDED from MDM_Student_0.3.0\AndroidManifest-common.xml:179:13-49
	android:launchMode
		ADDED from MDM_Student_0.3.0\AndroidManifest-common.xml:178:13-44
	android:windowSoftInputMode
		ADDED from MDM_Student_0.3.0\AndroidManifest-common.xml:180:13-64
	android:configChanges
		ADDED from MDM_Student_0.3.0\AndroidManifest-common.xml:177:13-74
	android:name
		ADDED from MDM_Student_0.3.0\AndroidManifest-common.xml:176:13-71
activity#com.android.kiway.activity.SystemSetupActivity
ADDED from MDM_Student_0.3.0\AndroidManifest-common.xml:181:9-186:76
	android:screenOrientation
		ADDED from MDM_Student_0.3.0\AndroidManifest-common.xml:185:13-49
	android:launchMode
		ADDED from MDM_Student_0.3.0\AndroidManifest-common.xml:184:13-44
	android:windowSoftInputMode
		ADDED from MDM_Student_0.3.0\AndroidManifest-common.xml:186:13-64
	android:configChanges
		ADDED from MDM_Student_0.3.0\AndroidManifest-common.xml:183:13-74
	android:name
		ADDED from MDM_Student_0.3.0\AndroidManifest-common.xml:182:13-74
activity#com.android.kiway.activity.SettingPasswordActivity
ADDED from MDM_Student_0.3.0\AndroidManifest-common.xml:187:9-192:76
	android:screenOrientation
		ADDED from MDM_Student_0.3.0\AndroidManifest-common.xml:191:13-49
	android:launchMode
		ADDED from MDM_Student_0.3.0\AndroidManifest-common.xml:190:13-44
	android:windowSoftInputMode
		ADDED from MDM_Student_0.3.0\AndroidManifest-common.xml:192:13-64
	android:configChanges
		ADDED from MDM_Student_0.3.0\AndroidManifest-common.xml:189:13-74
	android:name
		ADDED from MDM_Student_0.3.0\AndroidManifest-common.xml:188:13-78
activity#com.android.kiway.activity.LockActvitity
ADDED from MDM_Student_0.3.0\AndroidManifest-common.xml:193:9-198:76
	android:screenOrientation
		ADDED from MDM_Student_0.3.0\AndroidManifest-common.xml:197:13-49
	android:launchMode
		ADDED from MDM_Student_0.3.0\AndroidManifest-common.xml:196:13-44
	android:windowSoftInputMode
		ADDED from MDM_Student_0.3.0\AndroidManifest-common.xml:198:13-64
	android:configChanges
		ADDED from MDM_Student_0.3.0\AndroidManifest-common.xml:195:13-74
	android:name
		ADDED from MDM_Student_0.3.0\AndroidManifest-common.xml:194:13-68
activity#com.android.kiway.activity.PassWordActivity
ADDED from MDM_Student_0.3.0\AndroidManifest-common.xml:199:9-204:76
	android:screenOrientation
		ADDED from MDM_Student_0.3.0\AndroidManifest-common.xml:203:13-49
	android:launchMode
		ADDED from MDM_Student_0.3.0\AndroidManifest-common.xml:202:13-44
	android:windowSoftInputMode
		ADDED from MDM_Student_0.3.0\AndroidManifest-common.xml:204:13-64
	android:configChanges
		ADDED from MDM_Student_0.3.0\AndroidManifest-common.xml:201:13-74
	android:name
		ADDED from MDM_Student_0.3.0\AndroidManifest-common.xml:200:13-71
activity#com.android.kiway.activity.SettingActivity
ADDED from MDM_Student_0.3.0\AndroidManifest-common.xml:205:9-209:76
	android:screenOrientation
		ADDED from MDM_Student_0.3.0\AndroidManifest-common.xml:208:13-49
	android:windowSoftInputMode
		ADDED from MDM_Student_0.3.0\AndroidManifest-common.xml:209:13-64
	android:configChanges
		ADDED from MDM_Student_0.3.0\AndroidManifest-common.xml:207:13-74
	android:name
		ADDED from MDM_Student_0.3.0\AndroidManifest-common.xml:206:13-70
activity#com.android.kiway.activity.FunctionActivity
ADDED from MDM_Student_0.3.0\AndroidManifest-common.xml:210:9-214:76
	android:screenOrientation
		ADDED from MDM_Student_0.3.0\AndroidManifest-common.xml:213:13-49
	android:windowSoftInputMode
		ADDED from MDM_Student_0.3.0\AndroidManifest-common.xml:214:13-64
	android:configChanges
		ADDED from MDM_Student_0.3.0\AndroidManifest-common.xml:212:13-74
	android:name
		ADDED from MDM_Student_0.3.0\AndroidManifest-common.xml:211:13-71
activity#com.android.kiway.activity.WebViewActivity
ADDED from MDM_Student_0.3.0\AndroidManifest-common.xml:215:9-220:76
	android:screenOrientation
		ADDED from MDM_Student_0.3.0\AndroidManifest-common.xml:219:13-49
	android:launchMode
		ADDED from MDM_Student_0.3.0\AndroidManifest-common.xml:218:13-44
	android:windowSoftInputMode
		ADDED from MDM_Student_0.3.0\AndroidManifest-common.xml:220:13-64
	android:configChanges
		ADDED from MDM_Student_0.3.0\AndroidManifest-common.xml:217:13-74
	android:name
		ADDED from MDM_Student_0.3.0\AndroidManifest-common.xml:216:13-70
activity#com.android.kiway.activity.EulaActivity
ADDED from MDM_Student_0.3.0\AndroidManifest-common.xml:222:9-235:20
	android:screenOrientation
		ADDED from MDM_Student_0.3.0\AndroidManifest-common.xml:226:13-49
	android:launchMode
		ADDED from MDM_Student_0.3.0\AndroidManifest-common.xml:225:13-44
	android:windowSoftInputMode
		ADDED from MDM_Student_0.3.0\AndroidManifest-common.xml:227:13-64
	android:configChanges
		ADDED from MDM_Student_0.3.0\AndroidManifest-common.xml:224:13-74
	android:name
		ADDED from MDM_Student_0.3.0\AndroidManifest-common.xml:223:13-67
intent-filter#android.intent.action.MAIN+android.intent.category.DEFAULT+android.intent.category.HOME+android.intent.category.LAUNCHER
ADDED from MDM_Student_0.3.0\AndroidManifest-common.xml:228:13-234:29
action#android.intent.action.MAIN
ADDED from MDM_Student_0.3.0\AndroidManifest-common.xml:229:17-69
	android:name
		ADDED from MDM_Student_0.3.0\AndroidManifest-common.xml:229:25-66
category#android.intent.category.LAUNCHER
ADDED from MDM_Student_0.3.0\AndroidManifest-common.xml:231:17-77
	android:name
		ADDED from MDM_Student_0.3.0\AndroidManifest-common.xml:231:27-74
category#android.intent.category.HOME
ADDED from MDM_Student_0.3.0\AndroidManifest-common.xml:232:17-73
	android:name
		ADDED from MDM_Student_0.3.0\AndroidManifest-common.xml:232:27-70
category#android.intent.category.DEFAULT
ADDED from MDM_Student_0.3.0\AndroidManifest-common.xml:233:17-76
	android:name
		ADDED from MDM_Student_0.3.0\AndroidManifest-common.xml:233:27-73
activity#com.android.kiway.activity.AppListActivity3
ADDED from MDM_Student_0.3.0\AndroidManifest-common.xml:237:9-242:76
	android:screenOrientation
		ADDED from MDM_Student_0.3.0\AndroidManifest-common.xml:241:13-49
	android:launchMode
		ADDED from MDM_Student_0.3.0\AndroidManifest-common.xml:240:13-44
	android:windowSoftInputMode
		ADDED from MDM_Student_0.3.0\AndroidManifest-common.xml:242:13-64
	android:configChanges
		ADDED from MDM_Student_0.3.0\AndroidManifest-common.xml:239:13-74
	android:name
		ADDED from MDM_Student_0.3.0\AndroidManifest-common.xml:238:13-71
activity#com.android.kiway.activity.EditAeraActivity
ADDED from MDM_Student_0.3.0\AndroidManifest-common.xml:243:9-247:76
	android:screenOrientation
		ADDED from MDM_Student_0.3.0\AndroidManifest-common.xml:246:13-49
	android:windowSoftInputMode
		ADDED from MDM_Student_0.3.0\AndroidManifest-common.xml:247:13-64
	android:configChanges
		ADDED from MDM_Student_0.3.0\AndroidManifest-common.xml:245:13-74
	android:name
		ADDED from MDM_Student_0.3.0\AndroidManifest-common.xml:244:13-71
activity#com.android.kiway.activity.SchoolListActivity
ADDED from MDM_Student_0.3.0\AndroidManifest-common.xml:248:9-252:76
	android:screenOrientation
		ADDED from MDM_Student_0.3.0\AndroidManifest-common.xml:251:13-49
	android:windowSoftInputMode
		ADDED from MDM_Student_0.3.0\AndroidManifest-common.xml:252:13-64
	android:configChanges
		ADDED from MDM_Student_0.3.0\AndroidManifest-common.xml:250:13-74
	android:name
		ADDED from MDM_Student_0.3.0\AndroidManifest-common.xml:249:13-73
activity#com.android.kiway.activity.ClassListActivity
ADDED from MDM_Student_0.3.0\AndroidManifest-common.xml:253:9-257:76
	android:screenOrientation
		ADDED from MDM_Student_0.3.0\AndroidManifest-common.xml:256:13-49
	android:windowSoftInputMode
		ADDED from MDM_Student_0.3.0\AndroidManifest-common.xml:257:13-64
	android:configChanges
		ADDED from MDM_Student_0.3.0\AndroidManifest-common.xml:255:13-74
	android:name
		ADDED from MDM_Student_0.3.0\AndroidManifest-common.xml:254:13-72
activity#com.android.kiway.activity.LicenseActivity
ADDED from MDM_Student_0.3.0\AndroidManifest-common.xml:258:9-263:76
	android:screenOrientation
		ADDED from MDM_Student_0.3.0\AndroidManifest-common.xml:262:13-49
	android:launchMode
		ADDED from MDM_Student_0.3.0\AndroidManifest-common.xml:261:13-44
	android:windowSoftInputMode
		ADDED from MDM_Student_0.3.0\AndroidManifest-common.xml:263:13-64
	android:configChanges
		ADDED from MDM_Student_0.3.0\AndroidManifest-common.xml:260:13-74
	android:name
		ADDED from MDM_Student_0.3.0\AndroidManifest-common.xml:259:13-70
activity#com.android.kiway.activity.TestActivity
ADDED from MDM_Student_0.3.0\AndroidManifest-common.xml:264:9-269:76
	android:screenOrientation
		ADDED from MDM_Student_0.3.0\AndroidManifest-common.xml:268:13-49
	android:launchMode
		ADDED from MDM_Student_0.3.0\AndroidManifest-common.xml:267:13-44
	android:windowSoftInputMode
		ADDED from MDM_Student_0.3.0\AndroidManifest-common.xml:269:13-64
	android:configChanges
		ADDED from MDM_Student_0.3.0\AndroidManifest-common.xml:266:13-74
	android:name
		ADDED from MDM_Student_0.3.0\AndroidManifest-common.xml:265:13-67
activity#com.android.kiway.activity.ScreenMDMActivity
ADDED from MDM_Student_0.3.0\AndroidManifest-common.xml:270:9-275:76
	android:screenOrientation
		ADDED from MDM_Student_0.3.0\AndroidManifest-common.xml:274:13-49
	android:launchMode
		ADDED from MDM_Student_0.3.0\AndroidManifest-common.xml:273:13-44
	android:windowSoftInputMode
		ADDED from MDM_Student_0.3.0\AndroidManifest-common.xml:275:13-64
	android:configChanges
		ADDED from MDM_Student_0.3.0\AndroidManifest-common.xml:272:13-74
	android:name
		ADDED from MDM_Student_0.3.0\AndroidManifest-common.xml:271:13-72
activity#com.android.kiway.activity.CallActivity
ADDED from MDM_Student_0.3.0\AndroidManifest-common.xml:276:9-281:76
	android:screenOrientation
		ADDED from MDM_Student_0.3.0\AndroidManifest-common.xml:280:13-49
	android:launchMode
		ADDED from MDM_Student_0.3.0\AndroidManifest-common.xml:279:13-44
	android:windowSoftInputMode
		ADDED from MDM_Student_0.3.0\AndroidManifest-common.xml:281:13-64
	android:configChanges
		ADDED from MDM_Student_0.3.0\AndroidManifest-common.xml:278:13-74
	android:name
		ADDED from MDM_Student_0.3.0\AndroidManifest-common.xml:277:13-67
activity#com.android.kiway.activity.UrgentCallActivity
ADDED from MDM_Student_0.3.0\AndroidManifest-common.xml:282:9-287:76
	android:screenOrientation
		ADDED from MDM_Student_0.3.0\AndroidManifest-common.xml:286:13-49
	android:launchMode
		ADDED from MDM_Student_0.3.0\AndroidManifest-common.xml:285:13-44
	android:windowSoftInputMode
		ADDED from MDM_Student_0.3.0\AndroidManifest-common.xml:287:13-64
	android:configChanges
		ADDED from MDM_Student_0.3.0\AndroidManifest-common.xml:284:13-74
	android:name
		ADDED from MDM_Student_0.3.0\AndroidManifest-common.xml:283:13-73
activity#com.android.kiway.activity.SendSMSActivity
ADDED from MDM_Student_0.3.0\AndroidManifest-common.xml:288:9-293:76
	android:screenOrientation
		ADDED from MDM_Student_0.3.0\AndroidManifest-common.xml:292:13-49
	android:launchMode
		ADDED from MDM_Student_0.3.0\AndroidManifest-common.xml:291:13-44
	android:windowSoftInputMode
		ADDED from MDM_Student_0.3.0\AndroidManifest-common.xml:293:13-64
	android:configChanges
		ADDED from MDM_Student_0.3.0\AndroidManifest-common.xml:290:13-74
	android:name
		ADDED from MDM_Student_0.3.0\AndroidManifest-common.xml:289:13-70
activity#com.android.kiway.activity.TimeSetActivity
ADDED from MDM_Student_0.3.0\AndroidManifest-common.xml:294:9-299:76
	android:screenOrientation
		ADDED from MDM_Student_0.3.0\AndroidManifest-common.xml:298:13-49
	android:launchMode
		ADDED from MDM_Student_0.3.0\AndroidManifest-common.xml:297:13-44
	android:windowSoftInputMode
		ADDED from MDM_Student_0.3.0\AndroidManifest-common.xml:299:13-64
	android:configChanges
		ADDED from MDM_Student_0.3.0\AndroidManifest-common.xml:296:13-74
	android:name
		ADDED from MDM_Student_0.3.0\AndroidManifest-common.xml:295:13-70
activity#com.android.kiway.activity.NotifyMsgActivity
ADDED from MDM_Student_0.3.0\AndroidManifest-common.xml:300:9-305:76
	android:screenOrientation
		ADDED from MDM_Student_0.3.0\AndroidManifest-common.xml:304:13-49
	android:launchMode
		ADDED from MDM_Student_0.3.0\AndroidManifest-common.xml:303:13-44
	android:windowSoftInputMode
		ADDED from MDM_Student_0.3.0\AndroidManifest-common.xml:305:13-64
	android:configChanges
		ADDED from MDM_Student_0.3.0\AndroidManifest-common.xml:302:13-74
	android:name
		ADDED from MDM_Student_0.3.0\AndroidManifest-common.xml:301:13-72
activity#com.android.kiway.activity.ParentMessageActivity
ADDED from MDM_Student_0.3.0\AndroidManifest-common.xml:306:9-311:76
	android:screenOrientation
		ADDED from MDM_Student_0.3.0\AndroidManifest-common.xml:310:13-49
	android:launchMode
		ADDED from MDM_Student_0.3.0\AndroidManifest-common.xml:309:13-44
	android:windowSoftInputMode
		ADDED from MDM_Student_0.3.0\AndroidManifest-common.xml:311:13-64
	android:configChanges
		ADDED from MDM_Student_0.3.0\AndroidManifest-common.xml:308:13-74
	android:name
		ADDED from MDM_Student_0.3.0\AndroidManifest-common.xml:307:13-76
receiver#com.android.kiway.broadcast.SampleDeviceReceiver